mode: set
github.com/balchua/bopbag/pkg/usecase/task_service.go:23.85,30.2 1 1
github.com/balchua/bopbag/pkg/usecase/task_service.go:32.96,38.25 4 1
github.com/balchua/bopbag/pkg/usecase/task_service.go:64.2,64.47 1 0
github.com/balchua/bopbag/pkg/usecase/task_service.go:38.25,41.38 3 1
github.com/balchua/bopbag/pkg/usecase/task_service.go:51.3,59.17 2 1
github.com/balchua/bopbag/pkg/usecase/task_service.go:62.3,62.22 1 1
github.com/balchua/bopbag/pkg/usecase/task_service.go:41.38,45.21 4 1
github.com/balchua/bopbag/pkg/usecase/task_service.go:48.4,48.17 1 1
github.com/balchua/bopbag/pkg/usecase/task_service.go:45.21,47.5 1 0
github.com/balchua/bopbag/pkg/usecase/task_service.go:59.17,61.4 1 0
github.com/balchua/bopbag/pkg/usecase/task_service.go:67.88,71.16 4 1
github.com/balchua/bopbag/pkg/usecase/task_service.go:75.2,75.18 1 1
github.com/balchua/bopbag/pkg/usecase/task_service.go:71.16,73.3 1 0
github.com/balchua/bopbag/pkg/usecase/task_service.go:78.80,82.16 4 1
github.com/balchua/bopbag/pkg/usecase/task_service.go:85.2,85.19 1 1
github.com/balchua/bopbag/pkg/usecase/task_service.go:82.16,84.3 1 0
github.com/balchua/bopbag/pkg/usecase/task_service.go:88.59,89.70 1 1
github.com/balchua/bopbag/pkg/usecase/task_service.go:92.2,92.13 1 1
github.com/balchua/bopbag/pkg/usecase/task_service.go:89.70,91.3 1 0
github.com/balchua/bopbag/pkg/controller/cluster_controller.go:12.89,16.2 1 0
github.com/balchua/bopbag/pkg/controller/cluster_controller.go:17.62,21.16 2 0
github.com/balchua/bopbag/pkg/controller/cluster_controller.go:24.2,24.36 1 0
github.com/balchua/bopbag/pkg/controller/cluster_controller.go:21.16,23.3 1 0
github.com/balchua/bopbag/pkg/controller/controller.go:17.107,23.2 2 1
github.com/balchua/bopbag/pkg/controller/controller.go:25.54,29.43 3 1
github.com/balchua/bopbag/pkg/controller/controller.go:32.2,33.16 2 1
github.com/balchua/bopbag/pkg/controller/controller.go:37.2,37.24 1 1
github.com/balchua/bopbag/pkg/controller/controller.go:29.43,31.3 1 1
github.com/balchua/bopbag/pkg/controller/controller.go:33.16,35.3 1 1
github.com/balchua/bopbag/pkg/controller/controller.go:40.55,44.16 4 1
github.com/balchua/bopbag/pkg/controller/controller.go:47.2,48.23 2 1
github.com/balchua/bopbag/pkg/controller/controller.go:52.2,52.21 1 1
github.com/balchua/bopbag/pkg/controller/controller.go:44.16,46.3 1 1
github.com/balchua/bopbag/pkg/controller/controller.go:48.23,50.3 1 1
github.com/balchua/bopbag/pkg/controller/controller.go:56.54,59.23 3 1
github.com/balchua/bopbag/pkg/controller/controller.go:63.2,63.22 1 1
github.com/balchua/bopbag/pkg/controller/controller.go:59.23,61.3 1 1
github.com/balchua/bopbag/pkg/repository/cluster_repository.go:10.53,14.2 1 0
github.com/balchua/bopbag/pkg/repository/cluster_repository.go:16.59,18.2 1 0
github.com/balchua/bopbag/pkg/repository/repository.go:23.83,30.16 3 1
github.com/balchua/bopbag/pkg/repository/repository.go:33.2,33.22 1 1
github.com/balchua/bopbag/pkg/repository/repository.go:30.16,32.3 1 0
github.com/balchua/bopbag/pkg/repository/repository.go:36.46,38.48 2 1
github.com/balchua/bopbag/pkg/repository/repository.go:41.2,41.12 1 1
github.com/balchua/bopbag/pkg/repository/repository.go:38.48,40.3 1 0
github.com/balchua/bopbag/pkg/repository/repository.go:44.75,47.93 3 1
github.com/balchua/bopbag/pkg/repository/repository.go:51.2,60.24 5 1
github.com/balchua/bopbag/pkg/repository/repository.go:47.93,49.3 1 0
github.com/balchua/bopbag/pkg/repository/repository.go:63.71,69.90 5 1
github.com/balchua/bopbag/pkg/repository/repository.go:72.2,72.19 1 1
github.com/balchua/bopbag/pkg/repository/repository.go:69.90,71.3 1 0
github.com/balchua/bopbag/pkg/repository/repository.go:76.64,87.16 5 1
github.com/balchua/bopbag/pkg/repository/repository.go:90.2,91.18 2 1
github.com/balchua/bopbag/pkg/repository/repository.go:111.2,111.20 1 1
github.com/balchua/bopbag/pkg/repository/repository.go:87.16,89.3 1 0
github.com/balchua/bopbag/pkg/repository/repository.go:91.18,93.88 2 1
github.com/balchua/bopbag/pkg/repository/repository.go:97.3,108.30 3 1
github.com/balchua/bopbag/pkg/repository/repository.go:93.88,96.4 2 0
