mode: set
github.com/balchua/bopbag/pkg/usecase/cluster_service.go:15.94,20.2 1 1
github.com/balchua/bopbag/pkg/usecase/cluster_service.go:22.73,24.16 2 1
github.com/balchua/bopbag/pkg/usecase/cluster_service.go:27.2,29.73 2 1
github.com/balchua/bopbag/pkg/usecase/cluster_service.go:32.2,32.25 1 1
github.com/balchua/bopbag/pkg/usecase/cluster_service.go:24.16,26.3 1 1
github.com/balchua/bopbag/pkg/usecase/cluster_service.go:29.73,31.3 1 0
github.com/balchua/bopbag/pkg/usecase/task_service.go:24.88,31.2 1 1
github.com/balchua/bopbag/pkg/usecase/task_service.go:33.96,39.25 4 1
github.com/balchua/bopbag/pkg/usecase/task_service.go:65.2,65.47 1 0
github.com/balchua/bopbag/pkg/usecase/task_service.go:39.25,42.38 3 1
github.com/balchua/bopbag/pkg/usecase/task_service.go:52.3,60.17 2 1
github.com/balchua/bopbag/pkg/usecase/task_service.go:63.3,63.22 1 1
github.com/balchua/bopbag/pkg/usecase/task_service.go:42.38,46.21 4 1
github.com/balchua/bopbag/pkg/usecase/task_service.go:49.4,49.17 1 1
github.com/balchua/bopbag/pkg/usecase/task_service.go:46.21,48.5 1 0
github.com/balchua/bopbag/pkg/usecase/task_service.go:60.17,62.4 1 0
github.com/balchua/bopbag/pkg/usecase/task_service.go:68.88,72.16 4 1
github.com/balchua/bopbag/pkg/usecase/task_service.go:76.2,76.18 1 1
github.com/balchua/bopbag/pkg/usecase/task_service.go:72.16,74.3 1 0
github.com/balchua/bopbag/pkg/usecase/task_service.go:79.80,83.16 4 1
github.com/balchua/bopbag/pkg/usecase/task_service.go:86.2,86.19 1 1
github.com/balchua/bopbag/pkg/usecase/task_service.go:83.16,85.3 1 0
github.com/balchua/bopbag/pkg/usecase/task_service.go:89.59,90.70 1 1
github.com/balchua/bopbag/pkg/usecase/task_service.go:93.2,93.13 1 1
github.com/balchua/bopbag/pkg/usecase/task_service.go:90.70,92.3 1 0
github.com/balchua/bopbag/pkg/controller/cluster_controller.go:11.77,15.2 1 1
github.com/balchua/bopbag/pkg/controller/cluster_controller.go:16.62,20.16 2 1
github.com/balchua/bopbag/pkg/controller/cluster_controller.go:23.2,23.28 1 1
github.com/balchua/bopbag/pkg/controller/cluster_controller.go:20.16,22.3 1 1
github.com/balchua/bopbag/pkg/controller/controller.go:15.65,20.2 1 1
github.com/balchua/bopbag/pkg/controller/controller.go:22.54,26.43 3 1
github.com/balchua/bopbag/pkg/controller/controller.go:29.2,30.16 2 1
github.com/balchua/bopbag/pkg/controller/controller.go:34.2,34.24 1 1
github.com/balchua/bopbag/pkg/controller/controller.go:26.43,28.3 1 1
github.com/balchua/bopbag/pkg/controller/controller.go:30.16,32.3 1 1
github.com/balchua/bopbag/pkg/controller/controller.go:37.55,41.16 4 1
github.com/balchua/bopbag/pkg/controller/controller.go:44.2,45.23 2 1
github.com/balchua/bopbag/pkg/controller/controller.go:49.2,49.21 1 1
github.com/balchua/bopbag/pkg/controller/controller.go:41.16,43.3 1 1
github.com/balchua/bopbag/pkg/controller/controller.go:45.23,47.3 1 1
github.com/balchua/bopbag/pkg/controller/controller.go:53.54,56.23 3 1
github.com/balchua/bopbag/pkg/controller/controller.go:60.2,60.22 1 1
github.com/balchua/bopbag/pkg/controller/controller.go:56.23,58.3 1 1
github.com/balchua/bopbag/pkg/repository/cluster_repository.go:12.53,16.2 1 1
github.com/balchua/bopbag/pkg/repository/cluster_repository.go:18.59,20.16 2 1
github.com/balchua/bopbag/pkg/repository/cluster_repository.go:23.2,23.32 1 1
github.com/balchua/bopbag/pkg/repository/cluster_repository.go:20.16,22.3 1 0
github.com/balchua/bopbag/pkg/repository/repository.go:23.83,30.16 3 1
github.com/balchua/bopbag/pkg/repository/repository.go:33.2,33.22 1 1
github.com/balchua/bopbag/pkg/repository/repository.go:30.16,32.3 1 0
github.com/balchua/bopbag/pkg/repository/repository.go:36.46,38.48 2 1
github.com/balchua/bopbag/pkg/repository/repository.go:41.2,41.12 1 1
github.com/balchua/bopbag/pkg/repository/repository.go:38.48,40.3 1 0
github.com/balchua/bopbag/pkg/repository/repository.go:44.75,47.93 3 1
github.com/balchua/bopbag/pkg/repository/repository.go:51.2,60.24 5 1
github.com/balchua/bopbag/pkg/repository/repository.go:47.93,49.3 1 0
github.com/balchua/bopbag/pkg/repository/repository.go:63.71,69.90 5 1
github.com/balchua/bopbag/pkg/repository/repository.go:72.2,72.19 1 1
github.com/balchua/bopbag/pkg/repository/repository.go:69.90,71.3 1 0
github.com/balchua/bopbag/pkg/repository/repository.go:76.64,87.16 5 1
github.com/balchua/bopbag/pkg/repository/repository.go:90.2,91.18 2 1
github.com/balchua/bopbag/pkg/repository/repository.go:111.2,111.20 1 1
github.com/balchua/bopbag/pkg/repository/repository.go:87.16,89.3 1 0
github.com/balchua/bopbag/pkg/repository/repository.go:91.18,93.88 2 1
github.com/balchua/bopbag/pkg/repository/repository.go:97.3,108.30 3 1
github.com/balchua/bopbag/pkg/repository/repository.go:93.88,96.4 2 0
